<?xml version="1.0" encoding="UTF-8"?>
<testng-results ignored="0" total="2" passed="2" failed="0" skipped="0">
  <reporter-output>
  </reporter-output>
  <suite started-at="2020-04-20T13:01:11 IST" name="Suite" finished-at="2020-04-20T13:01:19 IST" duration-ms="8644">
    <groups>
    </groups>
    <test started-at="2020-04-20T13:01:11 IST" name="Test" finished-at="2020-04-20T13:01:19 IST" duration-ms="8644">
      <class name="com.tests.MyTestNGMavenClass">
        <test-method is-config="true" signature="beforeTest()[pri:0, instance:com.tests.MyTestNGMavenClass@6a2b953e]" started-at="2020-04-20T13:01:11 IST" name="beforeTest" finished-at="2020-04-20T13:01:16 IST" duration-ms="5481" status="PASS">
          <reporter-output>
          </reporter-output>
        </test-method> <!-- beforeTest -->
        <test-method signature="getTitleMethod()[pri:0, instance:com.tests.MyTestNGMavenClass@6a2b953e]" started-at="2020-04-20T13:01:17 IST" name="getTitleMethod" finished-at="2020-04-20T13:01:17 IST" duration-ms="22" status="PASS">
          <reporter-output>
          </reporter-output>
        </test-method> <!-- getTitleMethod -->
        <test-method signature="navigateToMethod()[pri:0, instance:com.tests.MyTestNGMavenClass@6a2b953e]" started-at="2020-04-20T13:01:17 IST" name="navigateToMethod" finished-at="2020-04-20T13:01:19 IST" duration-ms="2579" status="PASS">
          <reporter-output>
          </reporter-output>
        </test-method> <!-- navigateToMethod -->
        <test-method is-config="true" signature="afterTest()[pri:0, instance:com.tests.MyTestNGMavenClass@6a2b953e]" started-at="2020-04-20T13:01:19 IST" name="afterTest" finished-at="2020-04-20T13:01:19 IST" duration-ms="196" status="PASS">
          <reporter-output>
          </reporter-output>
        </test-method> <!-- afterTest -->
      </class> <!-- com.tests.MyTestNGMavenClass -->
    </test> <!-- Test -->
  </suite> <!-- Suite -->
</testng-results>
